0,RUNNING,process-name=35CM31N3,remaining-time=11
1,RUNNING,process-name=NOTFIRST,remaining-time=1
2,FINISHED,process-name=NOTFIRST,proc-remaining=3
2,RUNNING,process-name=35CM31N3,remaining-time=10
3,RUNNING,process-name=TO35SR4Q,remaining-time=8
4,RUNNING,process-name=XS39VK0S,remaining-time=3
5,RUNNING,process-name=35CM31N3,remaining-time=9
6,RUNNING,process-name=TO35SR4Q,remaining-time=7
7,RUNNING,process-name=XS39VK0S,remaining-time=2
8,RUNNING,process-name=35CM31N3,remaining-time=8
9,RUNNING,process-name=TO35SR4Q,remaining-time=6
10,RUNNING,process-name=ZDUQC6XP,remaining-time=10
11,RUNNING,process-name=XS39VK0S,remaining-time=1
12,FINISHED,process-name=XS39VK0S,proc-remaining=3
12,RUNNING,process-name=35CM31N3,remaining-time=7
13,RUNNING,process-name=TO35SR4Q,remaining-time=5
14,RUNNING,process-name=ZDUQC6XP,remaining-time=9
15,RUNNING,process-name=35CM31N3,remaining-time=6
16,RUNNING,process-name=TO35SR4Q,remaining-time=4
17,RUNNING,process-name=ZDUQC6XP,remaining-time=8
18,RUNNING,process-name=35CM31N3,remaining-time=5
19,RUNNING,process-name=TO35SR4Q,remaining-time=3
20,RUNNING,process-name=ZDUQC6XP,remaining-time=7
21,RUNNING,process-name=35CM31N3,remaining-time=4
22,RUNNING,process-name=TO35SR4Q,remaining-time=2
23,RUNNING,process-name=ZDUQC6XP,remaining-time=6
24,RUNNING,process-name=35CM31N3,remaining-time=3
25,RUNNING,process-name=TO35SR4Q,remaining-time=1
26,FINISHED,process-name=TO35SR4Q,proc-remaining=2
26,RUNNING,process-name=ZDUQC6XP,remaining-time=5
27,RUNNING,process-name=35CM31N3,remaining-time=2
28,RUNNING,process-name=ZDUQC6XP,remaining-time=4
29,RUNNING,process-name=35CM31N3,remaining-time=1
30,FINISHED,process-name=35CM31N3,proc-remaining=1
30,RUNNING,process-name=ZDUQC6XP,remaining-time=3
33,FINISHED,process-name=ZDUQC6XP,proc-remaining=0
Turnaround time 19
Time overhead 3.33 2.71
Makespan 33
