0,RUNNING,process-name=P0,remaining-time=15
6,RUNNING,process-name=P1,remaining-time=32
9,RUNNING,process-name=P0,remaining-time=9
12,RUNNING,process-name=P1,remaining-time=29
15,RUNNING,process-name=P0,remaining-time=6
18,RUNNING,process-name=P1,remaining-time=26
21,RUNNING,process-name=P0,remaining-time=3
24,FINISHED,process-name=P0,proc-remaining=1
24,RUNNING,process-name=P1,remaining-time=23
27,RUNNING,process-name=P2,remaining-time=1
30,FINISHED,process-name=P2,proc-remaining=1
30,RUNNING,process-name=P1,remaining-time=20
33,RUNNING,process-name=P3,remaining-time=30
36,RUNNING,process-name=P1,remaining-time=17
39,RUNNING,process-name=P3,remaining-time=27
42,RUNNING,process-name=P1,remaining-time=14
45,RUNNING,process-name=P4,remaining-time=13
48,RUNNING,process-name=P3,remaining-time=24
51,RUNNING,process-name=P1,remaining-time=11
54,RUNNING,process-name=P4,remaining-time=10
57,RUNNING,process-name=P3,remaining-time=21
60,RUNNING,process-name=P1,remaining-time=8
63,RUNNING,process-name=P4,remaining-time=7
66,RUNNING,process-name=P3,remaining-time=18
69,RUNNING,process-name=P5,remaining-time=13
72,RUNNING,process-name=P1,remaining-time=5
75,RUNNING,process-name=P4,remaining-time=4
78,RUNNING,process-name=P6,remaining-time=8
81,RUNNING,process-name=P3,remaining-time=15
84,RUNNING,process-name=P5,remaining-time=10
87,RUNNING,process-name=P7,remaining-time=8
90,RUNNING,process-name=P1,remaining-time=2
93,FINISHED,process-name=P1,proc-remaining=6
93,RUNNING,process-name=P4,remaining-time=1
96,FINISHED,process-name=P4,proc-remaining=5
96,RUNNING,process-name=P6,remaining-time=5
99,RUNNING,process-name=P3,remaining-time=12
102,RUNNING,process-name=P5,remaining-time=7
105,RUNNING,process-name=P8,remaining-time=21
108,RUNNING,process-name=P7,remaining-time=5
111,RUNNING,process-name=P6,remaining-time=2
114,FINISHED,process-name=P6,proc-remaining=5
114,RUNNING,process-name=P9,remaining-time=4
117,RUNNING,process-name=P3,remaining-time=9
120,RUNNING,process-name=P5,remaining-time=4
123,RUNNING,process-name=P8,remaining-time=18
126,RUNNING,process-name=P7,remaining-time=2
129,FINISHED,process-name=P7,proc-remaining=4
129,RUNNING,process-name=P9,remaining-time=1
132,FINISHED,process-name=P9,proc-remaining=3
132,RUNNING,process-name=P3,remaining-time=6
135,RUNNING,process-name=P5,remaining-time=1
138,FINISHED,process-name=P5,proc-remaining=2
138,RUNNING,process-name=P8,remaining-time=15
141,RUNNING,process-name=P3,remaining-time=3
144,FINISHED,process-name=P3,proc-remaining=1
144,RUNNING,process-name=P8,remaining-time=12
156,FINISHED,process-name=P8,proc-remaining=0
Turnaround time 57
Time overhead 8.00 4.52
Makespan 156
