0,RUNNING,process-name=P1,remaining-time=100
2,RUNNING,process-name=P2,remaining-time=100
4,RUNNING,process-name=P1,remaining-time=98
6,RUNNING,process-name=P2,remaining-time=98
8,RUNNING,process-name=P1,remaining-time=96
10,RUNNING,process-name=P2,remaining-time=96
12,RUNNING,process-name=P1,remaining-time=94
14,RUNNING,process-name=P2,remaining-time=94
16,RUNNING,process-name=P1,remaining-time=92
18,RUNNING,process-name=P2,remaining-time=92
20,RUNNING,process-name=P1,remaining-time=90
22,RUNNING,process-name=P2,remaining-time=90
24,RUNNING,process-name=P1,remaining-time=88
26,RUNNING,process-name=P2,remaining-time=88
28,RUNNING,process-name=P1,remaining-time=86
30,RUNNING,process-name=P2,remaining-time=86
32,RUNNING,process-name=P1,remaining-time=84
34,RUNNING,process-name=P2,remaining-time=84
36,RUNNING,process-name=P1,remaining-time=82
38,RUNNING,process-name=P2,remaining-time=82
40,RUNNING,process-name=P1,remaining-time=80
42,RUNNING,process-name=P2,remaining-time=80
44,RUNNING,process-name=P1,remaining-time=78
46,RUNNING,process-name=P2,remaining-time=78
48,RUNNING,process-name=P1,remaining-time=76
50,RUNNING,process-name=P2,remaining-time=76
52,RUNNING,process-name=P1,remaining-time=74
54,RUNNING,process-name=P2,remaining-time=74
56,RUNNING,process-name=P1,remaining-time=72
58,RUNNING,process-name=P2,remaining-time=72
60,RUNNING,process-name=P1,remaining-time=70
62,RUNNING,process-name=P2,remaining-time=70
64,RUNNING,process-name=P1,remaining-time=68
66,RUNNING,process-name=P2,remaining-time=68
68,RUNNING,process-name=P1,remaining-time=66
70,RUNNING,process-name=P2,remaining-time=66
72,RUNNING,process-name=P1,remaining-time=64
74,RUNNING,process-name=P2,remaining-time=64
76,RUNNING,process-name=P1,remaining-time=62
78,RUNNING,process-name=P2,remaining-time=62
80,RUNNING,process-name=P1,remaining-time=60
82,RUNNING,process-name=P2,remaining-time=60
84,RUNNING,process-name=P1,remaining-time=58
86,RUNNING,process-name=P2,remaining-time=58
88,RUNNING,process-name=P1,remaining-time=56
90,RUNNING,process-name=P2,remaining-time=56
92,RUNNING,process-name=P1,remaining-time=54
94,RUNNING,process-name=P2,remaining-time=54
96,RUNNING,process-name=P1,remaining-time=52
98,RUNNING,process-name=P2,remaining-time=52
100,RUNNING,process-name=P1,remaining-time=50
102,RUNNING,process-name=P2,remaining-time=50
104,RUNNING,process-name=P1,remaining-time=48
106,RUNNING,process-name=P2,remaining-time=48
108,RUNNING,process-name=P1,remaining-time=46
110,RUNNING,process-name=P2,remaining-time=46
112,RUNNING,process-name=P1,remaining-time=44
114,RUNNING,process-name=P2,remaining-time=44
116,RUNNING,process-name=P1,remaining-time=42
118,RUNNING,process-name=P2,remaining-time=42
120,RUNNING,process-name=P1,remaining-time=40
122,RUNNING,process-name=P2,remaining-time=40
124,RUNNING,process-name=P1,remaining-time=38
126,RUNNING,process-name=P2,remaining-time=38
128,RUNNING,process-name=P1,remaining-time=36
130,RUNNING,process-name=P2,remaining-time=36
132,RUNNING,process-name=P1,remaining-time=34
134,RUNNING,process-name=P2,remaining-time=34
136,RUNNING,process-name=P1,remaining-time=32
138,RUNNING,process-name=P2,remaining-time=32
140,RUNNING,process-name=P1,remaining-time=30
142,RUNNING,process-name=P2,remaining-time=30
144,RUNNING,process-name=P1,remaining-time=28
146,RUNNING,process-name=P2,remaining-time=28
148,RUNNING,process-name=P1,remaining-time=26
150,RUNNING,process-name=P2,remaining-time=26
152,RUNNING,process-name=P1,remaining-time=24
154,RUNNING,process-name=P2,remaining-time=24
156,RUNNING,process-name=P1,remaining-time=22
158,RUNNING,process-name=P2,remaining-time=22
160,RUNNING,process-name=P1,remaining-time=20
162,RUNNING,process-name=P2,remaining-time=20
164,RUNNING,process-name=P1,remaining-time=18
166,RUNNING,process-name=P2,remaining-time=18
168,RUNNING,process-name=P1,remaining-time=16
170,RUNNING,process-name=P2,remaining-time=16
172,RUNNING,process-name=P1,remaining-time=14
174,RUNNING,process-name=P2,remaining-time=14
176,RUNNING,process-name=P1,remaining-time=12
178,RUNNING,process-name=P2,remaining-time=12
180,RUNNING,process-name=P1,remaining-time=10
182,RUNNING,process-name=P2,remaining-time=10
184,RUNNING,process-name=P1,remaining-time=8
186,RUNNING,process-name=P2,remaining-time=8
188,RUNNING,process-name=P1,remaining-time=6
190,RUNNING,process-name=P2,remaining-time=6
192,RUNNING,process-name=P1,remaining-time=4
194,RUNNING,process-name=P2,remaining-time=4
196,RUNNING,process-name=P1,remaining-time=2
198,FINISHED,process-name=P1,proc-remaining=1
198,RUNNING,process-name=P2,remaining-time=2
200,FINISHED,process-name=P2,proc-remaining=0
Turnaround time 199
Time overhead 2.00 1.99
Makespan 200
