0,RUNNING,process-name=29PY7KR9,remaining-time=10,mem-usage=4%,allocated-at=0
12,FINISHED,process-name=29PY7KR9,proc-remaining=0
27,RUNNING,process-name=E4SOPLB0,remaining-time=7,mem-usage=1%,allocated-at=0
30,RUNNING,process-name=X5WNVUQ2,remaining-time=10,mem-usage=8%,allocated-at=8
33,RUNNING,process-name=E4SOPLB0,remaining-time=4,mem-usage=8%,allocated-at=0
36,RUNNING,process-name=X5WNVUQ2,remaining-time=7,mem-usage=8%,allocated-at=8
39,RUNNING,process-name=E4SOPLB0,remaining-time=1,mem-usage=8%,allocated-at=0
42,FINISHED,process-name=E4SOPLB0,proc-remaining=1
42,RUNNING,process-name=X5WNVUQ2,remaining-time=4,mem-usage=7%,allocated-at=8
48,FINISHED,process-name=X5WNVUQ2,proc-remaining=0
54,RUNNING,process-name=TKX8ZG54,remaining-time=17,mem-usage=19%,allocated-at=0
72,FINISHED,process-name=TKX8ZG54,proc-remaining=0
84,RUNNING,process-name=FK6GIXLH,remaining-time=1,mem-usage=2%,allocated-at=0
87,FINISHED,process-name=FK6GIXLH,proc-remaining=0
90,RUNNING,process-name=0XWAYJVV,remaining-time=9,mem-usage=2%,allocated-at=0
93,RUNNING,process-name=YMTDDV52,remaining-time=14,mem-usage=21%,allocated-at=21
96,RUNNING,process-name=0XWAYJVV,remaining-time=6,mem-usage=21%,allocated-at=0
99,RUNNING,process-name=YMTDDV52,remaining-time=11,mem-usage=21%,allocated-at=21
102,RUNNING,process-name=0XWAYJVV,remaining-time=3,mem-usage=21%,allocated-at=0
105,FINISHED,process-name=0XWAYJVV,proc-remaining=2
105,RUNNING,process-name=6DV2UBE7,remaining-time=16,mem-usage=22%,allocated-at=413
108,RUNNING,process-name=YMTDDV52,remaining-time=8,mem-usage=22%,allocated-at=21
111,RUNNING,process-name=6DV2UBE7,remaining-time=13,mem-usage=22%,allocated-at=413
114,RUNNING,process-name=YMTDDV52,remaining-time=5,mem-usage=22%,allocated-at=21
117,RUNNING,process-name=VSYMNGKJ,remaining-time=2,mem-usage=23%,allocated-at=452
120,FINISHED,process-name=VSYMNGKJ,proc-remaining=2
120,RUNNING,process-name=6DV2UBE7,remaining-time=10,mem-usage=22%,allocated-at=413
123,RUNNING,process-name=YMTDDV52,remaining-time=2,mem-usage=22%,allocated-at=21
126,FINISHED,process-name=YMTDDV52,proc-remaining=3
126,RUNNING,process-name=RV1K55KU,remaining-time=2,mem-usage=22%,allocated-at=0
129,FINISHED,process-name=RV1K55KU,proc-remaining=2
129,RUNNING,process-name=6DV2UBE7,remaining-time=7,mem-usage=2%,allocated-at=413
132,RUNNING,process-name=Q4EIAQPC,remaining-time=3,mem-usage=20%,allocated-at=0
135,FINISHED,process-name=Q4EIAQPC,proc-remaining=1
135,RUNNING,process-name=6DV2UBE7,remaining-time=4,mem-usage=2%,allocated-at=413
141,FINISHED,process-name=6DV2UBE7,proc-remaining=0
159,RUNNING,process-name=R5YYULF9,remaining-time=11,mem-usage=17%,allocated-at=0
162,RUNNING,process-name=1VQVYXXM,remaining-time=3,mem-usage=21%,allocated-at=331
165,FINISHED,process-name=1VQVYXXM,proc-remaining=2
165,RUNNING,process-name=R5YYULF9,remaining-time=8,mem-usage=17%,allocated-at=0
168,RUNNING,process-name=XWB0P45S,remaining-time=13,mem-usage=19%,allocated-at=331
171,RUNNING,process-name=R5YYULF9,remaining-time=5,mem-usage=19%,allocated-at=0
174,RUNNING,process-name=UGP69XZI,remaining-time=10,mem-usage=29%,allocated-at=375
177,RUNNING,process-name=XWB0P45S,remaining-time=10,mem-usage=29%,allocated-at=331
180,RUNNING,process-name=R5YYULF9,remaining-time=2,mem-usage=29%,allocated-at=0
183,FINISHED,process-name=R5YYULF9,proc-remaining=2
183,RUNNING,process-name=UGP69XZI,remaining-time=7,mem-usage=13%,allocated-at=375
186,RUNNING,process-name=XWB0P45S,remaining-time=7,mem-usage=13%,allocated-at=331
189,RUNNING,process-name=UGP69XZI,remaining-time=4,mem-usage=13%,allocated-at=375
192,RUNNING,process-name=ND8NQYLO,remaining-time=12,mem-usage=28%,allocated-at=0
195,RUNNING,process-name=XWB0P45S,remaining-time=4,mem-usage=28%,allocated-at=331
198,RUNNING,process-name=8AFGV1Q3,remaining-time=14,mem-usage=50%,allocated-at=577
201,RUNNING,process-name=UGP69XZI,remaining-time=1,mem-usage=50%,allocated-at=375
204,FINISHED,process-name=UGP69XZI,proc-remaining=4
204,RUNNING,process-name=ND8NQYLO,remaining-time=9,mem-usage=40%,allocated-at=0
207,RUNNING,process-name=52GBBSLR,remaining-time=8,mem-usage=46%,allocated-at=375
210,RUNNING,process-name=XWB0P45S,remaining-time=1,mem-usage=46%,allocated-at=331
213,FINISHED,process-name=XWB0P45S,proc-remaining=5
213,RUNNING,process-name=8AFGV1Q3,remaining-time=11,mem-usage=44%,allocated-at=577
216,RUNNING,process-name=ND8NQYLO,remaining-time=6,mem-usage=44%,allocated-at=0
219,RUNNING,process-name=52GBBSLR,remaining-time=5,mem-usage=44%,allocated-at=375
222,RUNNING,process-name=79542HFE,remaining-time=4,mem-usage=60%,allocated-at=1032
225,RUNNING,process-name=R5KUHENK,remaining-time=9,mem-usage=75%,allocated-at=1374
228,RUNNING,process-name=8AFGV1Q3,remaining-time=8,mem-usage=75%,allocated-at=577
231,RUNNING,process-name=SRP6WXS0,remaining-time=18,mem-usage=81%,allocated-at=1683
234,RUNNING,process-name=ND8NQYLO,remaining-time=3,mem-usage=81%,allocated-at=0
237,FINISHED,process-name=ND8NQYLO,proc-remaining=7
237,RUNNING,process-name=52GBBSLR,remaining-time=2,mem-usage=66%,allocated-at=375
240,FINISHED,process-name=52GBBSLR,proc-remaining=6
240,RUNNING,process-name=79542HFE,remaining-time=1,mem-usage=61%,allocated-at=1032
243,FINISHED,process-name=79542HFE,proc-remaining=5
243,RUNNING,process-name=46L1XKOQ,remaining-time=5,mem-usage=63%,allocated-at=0
246,RUNNING,process-name=R5KUHENK,remaining-time=6,mem-usage=63%,allocated-at=1374
249,RUNNING,process-name=GUCKZ1Q5,remaining-time=9,mem-usage=76%,allocated-at=1032
252,RUNNING,process-name=8AFGV1Q3,remaining-time=5,mem-usage=76%,allocated-at=577
255,RUNNING,process-name=SRP6WXS0,remaining-time=15,mem-usage=76%,allocated-at=1683
258,RUNNING,process-name=QUXUPSGQ,remaining-time=15,mem-usage=87%,allocated-at=1807
261,RUNNING,process-name=46L1XKOQ,remaining-time=2,mem-usage=87%,allocated-at=0
264,FINISHED,process-name=46L1XKOQ,proc-remaining=9
264,RUNNING,process-name=45JYIA4D,remaining-time=10,mem-usage=85%,allocated-at=0
267,RUNNING,process-name=R5KUHENK,remaining-time=3,mem-usage=85%,allocated-at=1374
270,FINISHED,process-name=R5KUHENK,proc-remaining=9
270,RUNNING,process-name=GUCKZ1Q5,remaining-time=6,mem-usage=70%,allocated-at=1032
273,RUNNING,process-name=8AFGV1Q3,remaining-time=2,mem-usage=70%,allocated-at=577
276,FINISHED,process-name=8AFGV1Q3,proc-remaining=9
276,RUNNING,process-name=SRP6WXS0,remaining-time=12,mem-usage=48%,allocated-at=1683
279,RUNNING,process-name=DJLLBSHW,remaining-time=7,mem-usage=53%,allocated-at=341
282,RUNNING,process-name=GR4QOXRW,remaining-time=4,mem-usage=57%,allocated-at=437
285,RUNNING,process-name=OVZDDU1Q,remaining-time=20,mem-usage=69%,allocated-at=522
288,RUNNING,process-name=QUXUPSGQ,remaining-time=12,mem-usage=69%,allocated-at=1807
291,RUNNING,process-name=45JYIA4D,remaining-time=7,mem-usage=69%,allocated-at=0
294,RUNNING,process-name=GUCKZ1Q5,remaining-time=3,mem-usage=69%,allocated-at=1032
297,FINISHED,process-name=GUCKZ1Q5,proc-remaining=11
297,RUNNING,process-name=EK298SD9,remaining-time=1,mem-usage=64%,allocated-at=774
300,FINISHED,process-name=EK298SD9,proc-remaining=11
300,RUNNING,process-name=SRP6WXS0,remaining-time=9,mem-usage=56%,allocated-at=1683
303,RUNNING,process-name=DJLLBSHW,remaining-time=4,mem-usage=56%,allocated-at=341
306,RUNNING,process-name=GR4QOXRW,remaining-time=1,mem-usage=56%,allocated-at=437
309,FINISHED,process-name=GR4QOXRW,proc-remaining=10
309,RUNNING,process-name=S5ER4X66,remaining-time=18,mem-usage=66%,allocated-at=774
312,RUNNING,process-name=1PLF2FUP,remaining-time=16,mem-usage=69%,allocated-at=437
315,RUNNING,process-name=OC4J7HAJ,remaining-time=13,mem-usage=72%,allocated-at=1073
318,RUNNING,process-name=OVZDDU1Q,remaining-time=17,mem-usage=72%,allocated-at=522
321,RUNNING,process-name=QUXUPSGQ,remaining-time=9,mem-usage=72%,allocated-at=1807
324,RUNNING,process-name=45JYIA4D,remaining-time=4,mem-usage=72%,allocated-at=0
327,RUNNING,process-name=L0H7MZCQ,remaining-time=19,mem-usage=93%,allocated-at=1138
330,RUNNING,process-name=SRP6WXS0,remaining-time=6,mem-usage=93%,allocated-at=1683
333,RUNNING,process-name=DJLLBSHW,remaining-time=1,mem-usage=93%,allocated-at=341
336,FINISHED,process-name=DJLLBSHW,proc-remaining=10
336,RUNNING,process-name=S5ER4X66,remaining-time=15,mem-usage=88%,allocated-at=774
339,RUNNING,process-name=1PLF2FUP,remaining-time=13,mem-usage=88%,allocated-at=437
342,RUNNING,process-name=OC4J7HAJ,remaining-time=10,mem-usage=88%,allocated-at=1073
345,RUNNING,process-name=OVZDDU1Q,remaining-time=14,mem-usage=88%,allocated-at=522
348,RUNNING,process-name=QUXUPSGQ,remaining-time=6,mem-usage=88%,allocated-at=1807
351,RUNNING,process-name=45JYIA4D,remaining-time=1,mem-usage=88%,allocated-at=0
354,FINISHED,process-name=45JYIA4D,proc-remaining=10
354,RUNNING,process-name=L0H7MZCQ,remaining-time=16,mem-usage=72%,allocated-at=1138
357,RUNNING,process-name=KDA5RQXX,remaining-time=2,mem-usage=90%,allocated-at=0
360,FINISHED,process-name=KDA5RQXX,proc-remaining=9
360,RUNNING,process-name=SRP6WXS0,remaining-time=3,mem-usage=72%,allocated-at=1683
363,FINISHED,process-name=SRP6WXS0,proc-remaining=9
363,RUNNING,process-name=U7XZHW6M,remaining-time=11,mem-usage=82%,allocated-at=0
366,RUNNING,process-name=S5ER4X66,remaining-time=12,mem-usage=82%,allocated-at=774
369,RUNNING,process-name=1PLF2FUP,remaining-time=10,mem-usage=82%,allocated-at=437
372,RUNNING,process-name=OC4J7HAJ,remaining-time=7,mem-usage=82%,allocated-at=1073
375,RUNNING,process-name=OVZDDU1Q,remaining-time=11,mem-usage=82%,allocated-at=522
378,RUNNING,process-name=QUXUPSGQ,remaining-time=3,mem-usage=82%,allocated-at=1807
381,FINISHED,process-name=QUXUPSGQ,proc-remaining=8
381,RUNNING,process-name=L0H7MZCQ,remaining-time=13,mem-usage=71%,allocated-at=1138
384,RUNNING,process-name=H8DBS9BF,remaining-time=5,mem-usage=93%,allocated-at=1569
387,RUNNING,process-name=U7XZHW6M,remaining-time=8,mem-usage=93%,allocated-at=0
390,RUNNING,process-name=S5ER4X66,remaining-time=9,mem-usage=93%,allocated-at=774
393,RUNNING,process-name=1PLF2FUP,remaining-time=7,mem-usage=93%,allocated-at=437
396,RUNNING,process-name=OC4J7HAJ,remaining-time=4,mem-usage=93%,allocated-at=1073
399,RUNNING,process-name=OVZDDU1Q,remaining-time=8,mem-usage=93%,allocated-at=522
402,RUNNING,process-name=L0H7MZCQ,remaining-time=10,mem-usage=93%,allocated-at=1138
405,RUNNING,process-name=H8DBS9BF,remaining-time=2,mem-usage=93%,allocated-at=1569
408,FINISHED,process-name=H8DBS9BF,proc-remaining=10
408,RUNNING,process-name=U7XZHW6M,remaining-time=5,mem-usage=71%,allocated-at=0
411,RUNNING,process-name=VG841KM8,remaining-time=5,mem-usage=74%,allocated-at=332
414,RUNNING,process-name=S5ER4X66,remaining-time=6,mem-usage=74%,allocated-at=774
417,RUNNING,process-name=W7WYUHZ8,remaining-time=7,mem-usage=77%,allocated-at=1569
420,RUNNING,process-name=1PLF2FUP,remaining-time=4,mem-usage=77%,allocated-at=437
423,RUNNING,process-name=OC4J7HAJ,remaining-time=1,mem-usage=77%,allocated-at=1073
426,FINISHED,process-name=OC4J7HAJ,proc-remaining=11
426,RUNNING,process-name=OVZDDU1Q,remaining-time=5,mem-usage=73%,allocated-at=522
429,RUNNING,process-name=8UIIAP57,remaining-time=1,mem-usage=93%,allocated-at=1616
432,FINISHED,process-name=8UIIAP57,proc-remaining=10
432,RUNNING,process-name=TWTNCGZ3,remaining-time=16,mem-usage=83%,allocated-at=1616
435,RUNNING,process-name=L0H7MZCQ,remaining-time=7,mem-usage=83%,allocated-at=1138
438,RUNNING,process-name=AN71UIQU,remaining-time=5,mem-usage=87%,allocated-at=1804
441,RUNNING,process-name=U7XZHW6M,remaining-time=2,mem-usage=87%,allocated-at=0
444,FINISHED,process-name=U7XZHW6M,proc-remaining=11
444,RUNNING,process-name=VG841KM8,remaining-time=2,mem-usage=71%,allocated-at=332
447,FINISHED,process-name=VG841KM8,proc-remaining=11
447,RUNNING,process-name=S5ER4X66,remaining-time=3,mem-usage=67%,allocated-at=774
450,FINISHED,process-name=S5ER4X66,proc-remaining=11
450,RUNNING,process-name=W7WYUHZ8,remaining-time=4,mem-usage=52%,allocated-at=1569
453,RUNNING,process-name=1PLF2FUP,remaining-time=1,mem-usage=52%,allocated-at=437
456,FINISHED,process-name=1PLF2FUP,proc-remaining=11
456,RUNNING,process-name=OVZDDU1Q,remaining-time=2,mem-usage=49%,allocated-at=522
459,FINISHED,process-name=OVZDDU1Q,proc-remaining=12
459,RUNNING,process-name=TWTNCGZ3,remaining-time=13,mem-usage=37%,allocated-at=1616
462,RUNNING,process-name=4GVF3OZ2,remaining-time=17,mem-usage=51%,allocated-at=0
465,RUNNING,process-name=L0H7MZCQ,remaining-time=4,mem-usage=51%,allocated-at=1138
468,RUNNING,process-name=AN71UIQU,remaining-time=2,mem-usage=51%,allocated-at=1804
471,FINISHED,process-name=AN71UIQU,proc-remaining=12
471,RUNNING,process-name=OA521TU5,remaining-time=15,mem-usage=65%,allocated-at=289
474,RUNNING,process-name=F8HTAWT3,remaining-time=12,mem-usage=84%,allocated-at=648
477,RUNNING,process-name=FJZJW1NX,remaining-time=18,mem-usage=88%,allocated-at=1041
480,RUNNING,process-name=L0FMXE0U,remaining-time=4,mem-usage=95%,allocated-at=1804
483,RUNNING,process-name=W7WYUHZ8,remaining-time=1,mem-usage=95%,allocated-at=1569
486,FINISHED,process-name=W7WYUHZ8,proc-remaining=14
486,RUNNING,process-name=MJIKGQY4,remaining-time=18,mem-usage=96%,allocated-at=1943
489,RUNNING,process-name=TWTNCGZ3,remaining-time=10,mem-usage=96%,allocated-at=1616
492,RUNNING,process-name=4GVF3OZ2,remaining-time=14,mem-usage=96%,allocated-at=0
495,RUNNING,process-name=L0H7MZCQ,remaining-time=1,mem-usage=96%,allocated-at=1138
498,FINISHED,process-name=L0H7MZCQ,proc-remaining=15
498,RUNNING,process-name=OA521TU5,remaining-time=12,mem-usage=75%,allocated-at=289
501,RUNNING,process-name=F8HTAWT3,remaining-time=9,mem-usage=75%,allocated-at=648
504,RUNNING,process-name=RLXVPA04,remaining-time=18,mem-usage=97%,allocated-at=1121
507,RUNNING,process-name=FJZJW1NX,remaining-time=15,mem-usage=97%,allocated-at=1041
510,RUNNING,process-name=L0FMXE0U,remaining-time=1,mem-usage=97%,allocated-at=1804
513,FINISHED,process-name=L0FMXE0U,proc-remaining=14
513,RUNNING,process-name=MJIKGQY4,remaining-time=15,mem-usage=90%,allocated-at=1943
516,RUNNING,process-name=TWTNCGZ3,remaining-time=7,mem-usage=90%,allocated-at=1616
519,RUNNING,process-name=4GVF3OZ2,remaining-time=11,mem-usage=90%,allocated-at=0
522,RUNNING,process-name=OA521TU5,remaining-time=9,mem-usage=90%,allocated-at=289
525,RUNNING,process-name=F8HTAWT3,remaining-time=6,mem-usage=90%,allocated-at=648
528,RUNNING,process-name=RLXVPA04,remaining-time=15,mem-usage=90%,allocated-at=1121
531,RUNNING,process-name=FJZJW1NX,remaining-time=12,mem-usage=90%,allocated-at=1041
534,RUNNING,process-name=MJIKGQY4,remaining-time=12,mem-usage=90%,allocated-at=1943
537,RUNNING,process-name=TWTNCGZ3,remaining-time=4,mem-usage=90%,allocated-at=1616
540,RUNNING,process-name=4GVF3OZ2,remaining-time=8,mem-usage=90%,allocated-at=0
543,RUNNING,process-name=OA521TU5,remaining-time=6,mem-usage=90%,allocated-at=289
546,RUNNING,process-name=F8HTAWT3,remaining-time=3,mem-usage=90%,allocated-at=648
549,FINISHED,process-name=F8HTAWT3,proc-remaining=14
549,RUNNING,process-name=RLXVPA04,remaining-time=12,mem-usage=71%,allocated-at=1121
552,RUNNING,process-name=GNTYW11D,remaining-time=5,mem-usage=82%,allocated-at=648
555,RUNNING,process-name=FJZJW1NX,remaining-time=9,mem-usage=82%,allocated-at=1041
558,RUNNING,process-name=MJIKGQY4,remaining-time=9,mem-usage=82%,allocated-at=1943
561,RUNNING,process-name=TWTNCGZ3,remaining-time=1,mem-usage=82%,allocated-at=1616
564,FINISHED,process-name=TWTNCGZ3,proc-remaining=16
564,RUNNING,process-name=4GVF3OZ2,remaining-time=5,mem-usage=73%,allocated-at=0
567,RUNNING,process-name=OA521TU5,remaining-time=3,mem-usage=73%,allocated-at=289
570,FINISHED,process-name=OA521TU5,proc-remaining=15
570,RUNNING,process-name=I31O9I5V,remaining-time=5,mem-usage=60%,allocated-at=289
573,RUNNING,process-name=RLXVPA04,remaining-time=9,mem-usage=60%,allocated-at=1121
576,RUNNING,process-name=GNTYW11D,remaining-time=2,mem-usage=60%,allocated-at=648
579,FINISHED,process-name=GNTYW11D,proc-remaining=14
579,RUNNING,process-name=3H8ZT26N,remaining-time=8,mem-usage=72%,allocated-at=376
582,RUNNING,process-name=FJZJW1NX,remaining-time=6,mem-usage=72%,allocated-at=1041
585,RUNNING,process-name=E7UYY5FQ,remaining-time=14,mem-usage=89%,allocated-at=1569
588,RUNNING,process-name=9GH3Q7C0,remaining-time=7,mem-usage=90%,allocated-at=854
591,RUNNING,process-name=ITBEZYAT,remaining-time=13,mem-usage=97%,allocated-at=889
594,RUNNING,process-name=MJIKGQY4,remaining-time=6,mem-usage=97%,allocated-at=1943
597,RUNNING,process-name=4GVF3OZ2,remaining-time=2,mem-usage=97%,allocated-at=0
600,FINISHED,process-name=4GVF3OZ2,proc-remaining=15
600,RUNNING,process-name=I31O9I5V,remaining-time=2,mem-usage=82%,allocated-at=289
603,FINISHED,process-name=I31O9I5V,proc-remaining=14
603,RUNNING,process-name=RLXVPA04,remaining-time=6,mem-usage=78%,allocated-at=1121
606,RUNNING,process-name=3H8ZT26N,remaining-time=5,mem-usage=78%,allocated-at=376
609,RUNNING,process-name=UEETAGGO,remaining-time=12,mem-usage=81%,allocated-at=0
612,RUNNING,process-name=FJZJW1NX,remaining-time=3,mem-usage=81%,allocated-at=1041
615,FINISHED,process-name=FJZJW1NX,proc-remaining=14
615,RUNNING,process-name=E7UYY5FQ,remaining-time=11,mem-usage=77%,allocated-at=1569
618,RUNNING,process-name=9GH3Q7C0,remaining-time=4,mem-usage=77%,allocated-at=854
621,RUNNING,process-name=ITBEZYAT,remaining-time=10,mem-usage=77%,allocated-at=889
624,RUNNING,process-name=MJIKGQY4,remaining-time=3,mem-usage=77%,allocated-at=1943
627,FINISHED,process-name=MJIKGQY4,proc-remaining=16
627,RUNNING,process-name=A62PUXLW,remaining-time=17,mem-usage=78%,allocated-at=60
630,RUNNING,process-name=RLXVPA04,remaining-time=3,mem-usage=78%,allocated-at=1121
633,FINISHED,process-name=RLXVPA04,proc-remaining=17
633,RUNNING,process-name=3H8ZT26N,remaining-time=2,mem-usage=56%,allocated-at=376
636,FINISHED,process-name=3H8ZT26N,proc-remaining=16
636,RUNNING,process-name=UEETAGGO,remaining-time=9,mem-usage=32%,allocated-at=0
639,RUNNING,process-name=E7UYY5FQ,remaining-time=8,mem-usage=32%,allocated-at=1569
642,RUNNING,process-name=D805338W,remaining-time=2,mem-usage=52%,allocated-at=144
645,FINISHED,process-name=D805338W,proc-remaining=16
645,RUNNING,process-name=13YMBVVL,remaining-time=14,mem-usage=52%,allocated-at=144
648,RUNNING,process-name=2TJ97Y4I,remaining-time=5,mem-usage=63%,allocated-at=549
651,RUNNING,process-name=9GH3Q7C0,remaining-time=1,mem-usage=63%,allocated-at=854
654,FINISHED,process-name=9GH3Q7C0,proc-remaining=15
654,RUNNING,process-name=Z53J72D0,remaining-time=7,mem-usage=72%,allocated-at=1019
657,RUNNING,process-name=ITBEZYAT,remaining-time=7,mem-usage=72%,allocated-at=889
660,RUNNING,process-name=X4GD3S3L,remaining-time=2,mem-usage=75%,allocated-at=764
663,FINISHED,process-name=X4GD3S3L,proc-remaining=15
663,RUNNING,process-name=A62PUXLW,remaining-time=14,mem-usage=72%,allocated-at=60
666,RUNNING,process-name=FPU3BI73,remaining-time=10,mem-usage=85%,allocated-at=1249
669,RUNNING,process-name=ESVD00BB,remaining-time=3,mem-usage=85%,allocated-at=764
672,FINISHED,process-name=ESVD00BB,proc-remaining=14
672,RUNNING,process-name=UEETAGGO,remaining-time=6,mem-usage=85%,allocated-at=0
675,RUNNING,process-name=E7UYY5FQ,remaining-time=5,mem-usage=85%,allocated-at=1569
678,RUNNING,process-name=13YMBVVL,remaining-time=11,mem-usage=85%,allocated-at=144
681,RUNNING,process-name=2TJ97Y4I,remaining-time=2,mem-usage=85%,allocated-at=549
684,FINISHED,process-name=2TJ97Y4I,proc-remaining=15
684,RUNNING,process-name=C2SROFDX,remaining-time=3,mem-usage=86%,allocated-at=549
687,FINISHED,process-name=C2SROFDX,proc-remaining=15
687,RUNNING,process-name=Z53J72D0,remaining-time=4,mem-usage=74%,allocated-at=1019
690,RUNNING,process-name=ITBEZYAT,remaining-time=4,mem-usage=74%,allocated-at=889
693,RUNNING,process-name=A62PUXLW,remaining-time=11,mem-usage=74%,allocated-at=60
696,RUNNING,process-name=FPU3BI73,remaining-time=7,mem-usage=74%,allocated-at=1249
699,RUNNING,process-name=UEETAGGO,remaining-time=3,mem-usage=74%,allocated-at=0
702,FINISHED,process-name=UEETAGGO,proc-remaining=15
702,RUNNING,process-name=G5KN8YGC,remaining-time=8,mem-usage=79%,allocated-at=549
705,RUNNING,process-name=E7UYY5FQ,remaining-time=2,mem-usage=79%,allocated-at=1569
708,FINISHED,process-name=E7UYY5FQ,proc-remaining=14
708,RUNNING,process-name=AEC9E58K,remaining-time=20,mem-usage=69%,allocated-at=695
711,RUNNING,process-name=13YMBVVL,remaining-time=8,mem-usage=69%,allocated-at=144
714,RUNNING,process-name=206Q3UEJ,remaining-time=6,mem-usage=90%,allocated-at=1508
717,RUNNING,process-name=Z53J72D0,remaining-time=1,mem-usage=90%,allocated-at=1019
720,FINISHED,process-name=Z53J72D0,proc-remaining=14
720,RUNNING,process-name=ITBEZYAT,remaining-time=1,mem-usage=79%,allocated-at=889
723,FINISHED,process-name=ITBEZYAT,proc-remaining=13
723,RUNNING,process-name=EVJ790W0,remaining-time=7,mem-usage=92%,allocated-at=842
726,RUNNING,process-name=A62PUXLW,remaining-time=8,mem-usage=92%,allocated-at=60
729,RUNNING,process-name=FPU3BI73,remaining-time=4,mem-usage=92%,allocated-at=1249
732,RUNNING,process-name=G5KN8YGC,remaining-time=5,mem-usage=92%,allocated-at=549
735,RUNNING,process-name=AEC9E58K,remaining-time=17,mem-usage=92%,allocated-at=695
738,RUNNING,process-name=C1TIIO24,remaining-time=9,mem-usage=97%,allocated-at=1945
741,RUNNING,process-name=13YMBVVL,remaining-time=5,mem-usage=97%,allocated-at=144
744,RUNNING,process-name=206Q3UEJ,remaining-time=3,mem-usage=97%,allocated-at=1508
747,FINISHED,process-name=206Q3UEJ,proc-remaining=13
747,RUNNING,process-name=EVJ790W0,remaining-time=4,mem-usage=76%,allocated-at=842
750,RUNNING,process-name=BIPJIRUK,remaining-time=17,mem-usage=88%,allocated-at=1508
753,RUNNING,process-name=A62PUXLW,remaining-time=5,mem-usage=88%,allocated-at=60
756,RUNNING,process-name=FPU3BI73,remaining-time=1,mem-usage=88%,allocated-at=1249
759,FINISHED,process-name=FPU3BI73,proc-remaining=13
759,RUNNING,process-name=G5KN8YGC,remaining-time=2,mem-usage=76%,allocated-at=549
762,FINISHED,process-name=G5KN8YGC,proc-remaining=12
762,RUNNING,process-name=AEC9E58K,remaining-time=14,mem-usage=69%,allocated-at=695
765,RUNNING,process-name=C1TIIO24,remaining-time=6,mem-usage=69%,allocated-at=1945
768,RUNNING,process-name=13YMBVVL,remaining-time=2,mem-usage=69%,allocated-at=144
771,FINISHED,process-name=13YMBVVL,proc-remaining=11
771,RUNNING,process-name=EVJ790W0,remaining-time=1,mem-usage=49%,allocated-at=842
774,FINISHED,process-name=EVJ790W0,proc-remaining=10
774,RUNNING,process-name=V5C00WQ1,remaining-time=8,mem-usage=51%,allocated-at=144
777,RUNNING,process-name=30SLG4NT,remaining-time=9,mem-usage=74%,allocated-at=842
780,RUNNING,process-name=BIPJIRUK,remaining-time=14,mem-usage=74%,allocated-at=1508
783,RUNNING,process-name=S793O9NS,remaining-time=18,mem-usage=79%,allocated-at=587
786,RUNNING,process-name=A62PUXLW,remaining-time=2,mem-usage=79%,allocated-at=60
789,FINISHED,process-name=A62PUXLW,proc-remaining=11
789,RUNNING,process-name=AEC9E58K,remaining-time=11,mem-usage=74%,allocated-at=695
792,RUNNING,process-name=C1TIIO24,remaining-time=3,mem-usage=74%,allocated-at=1945
795,FINISHED,process-name=C1TIIO24,proc-remaining=10
795,RUNNING,process-name=V5C00WQ1,remaining-time=5,mem-usage=70%,allocated-at=144
798,RUNNING,process-name=30SLG4NT,remaining-time=6,mem-usage=70%,allocated-at=842
801,RUNNING,process-name=WP7CSBOQ,remaining-time=19,mem-usage=80%,allocated-at=1764
804,RUNNING,process-name=BIPJIRUK,remaining-time=11,mem-usage=80%,allocated-at=1508
807,RUNNING,process-name=S793O9NS,remaining-time=15,mem-usage=80%,allocated-at=587
810,RUNNING,process-name=AEC9E58K,remaining-time=8,mem-usage=80%,allocated-at=695
813,RUNNING,process-name=V5C00WQ1,remaining-time=2,mem-usage=80%,allocated-at=144
816,FINISHED,process-name=V5C00WQ1,proc-remaining=11
816,RUNNING,process-name=30SLG4NT,remaining-time=3,mem-usage=59%,allocated-at=842
819,FINISHED,process-name=30SLG4NT,proc-remaining=10
819,RUNNING,process-name=WP7CSBOQ,remaining-time=16,mem-usage=36%,allocated-at=1764
822,RUNNING,process-name=AJPMB9LV,remaining-time=7,mem-usage=49%,allocated-at=0
825,RUNNING,process-name=BIPJIRUK,remaining-time=8,mem-usage=49%,allocated-at=1508
828,RUNNING,process-name=S793O9NS,remaining-time=12,mem-usage=49%,allocated-at=587
831,RUNNING,process-name=53FMBNJ2,remaining-time=4,mem-usage=65%,allocated-at=842
834,RUNNING,process-name=AEC9E58K,remaining-time=5,mem-usage=65%,allocated-at=695
837,RUNNING,process-name=E85QCZ62,remaining-time=5,mem-usage=79%,allocated-at=266
840,RUNNING,process-name=IDK1KAWI,remaining-time=3,mem-usage=80%,allocated-at=540
843,FINISHED,process-name=IDK1KAWI,proc-remaining=14
843,RUNNING,process-name=WP7CSBOQ,remaining-time=13,mem-usage=79%,allocated-at=1764
846,RUNNING,process-name=AJPMB9LV,remaining-time=4,mem-usage=79%,allocated-at=0
849,RUNNING,process-name=BIPJIRUK,remaining-time=5,mem-usage=79%,allocated-at=1508
852,RUNNING,process-name=H02ZYIOL,remaining-time=3,mem-usage=82%,allocated-at=1182
855,FINISHED,process-name=H02ZYIOL,proc-remaining=14
855,RUNNING,process-name=S793O9NS,remaining-time=9,mem-usage=79%,allocated-at=587
858,RUNNING,process-name=53FMBNJ2,remaining-time=1,mem-usage=79%,allocated-at=842
861,FINISHED,process-name=53FMBNJ2,proc-remaining=13
861,RUNNING,process-name=F7HMAX8K,remaining-time=14,mem-usage=82%,allocated-at=842
864,RUNNING,process-name=AEC9E58K,remaining-time=2,mem-usage=82%,allocated-at=695
867,FINISHED,process-name=AEC9E58K,proc-remaining=12
867,RUNNING,process-name=HUCGXDOA,remaining-time=9,mem-usage=79%,allocated-at=688
870,RUNNING,process-name=E85QCZ62,remaining-time=2,mem-usage=79%,allocated-at=266
873,FINISHED,process-name=E85QCZ62,proc-remaining=11
873,RUNNING,process-name=9SS4H4LV,remaining-time=8,mem-usage=78%,allocated-at=266
876,RUNNING,process-name=WP7CSBOQ,remaining-time=10,mem-usage=78%,allocated-at=1764
879,RUNNING,process-name=AJPMB9LV,remaining-time=1,mem-usage=78%,allocated-at=0
882,FINISHED,process-name=AJPMB9LV,proc-remaining=10
882,RUNNING,process-name=BIPJIRUK,remaining-time=2,mem-usage=65%,allocated-at=1508
885,FINISHED,process-name=BIPJIRUK,proc-remaining=11
885,RUNNING,process-name=S793O9NS,remaining-time=6,mem-usage=53%,allocated-at=587
888,RUNNING,process-name=P8WWM64B,remaining-time=18,mem-usage=77%,allocated-at=1248
891,RUNNING,process-name=F7HMAX8K,remaining-time=11,mem-usage=77%,allocated-at=842
894,RUNNING,process-name=HUCGXDOA,remaining-time=6,mem-usage=77%,allocated-at=688
897,RUNNING,process-name=PSJ52505,remaining-time=1,mem-usage=90%,allocated-at=0
900,FINISHED,process-name=PSJ52505,proc-remaining=12
900,RUNNING,process-name=9SS4H4LV,remaining-time=5,mem-usage=77%,allocated-at=266
903,RUNNING,process-name=WP7CSBOQ,remaining-time=7,mem-usage=77%,allocated-at=1764
906,RUNNING,process-name=088AMD84,remaining-time=9,mem-usage=82%,allocated-at=0
909,RUNNING,process-name=OZXV8Y0L,remaining-time=6,mem-usage=90%,allocated-at=86
912,RUNNING,process-name=S793O9NS,remaining-time=3,mem-usage=90%,allocated-at=587
915,FINISHED,process-name=S793O9NS,proc-remaining=11
915,RUNNING,process-name=P8WWM64B,remaining-time=15,mem-usage=85%,allocated-at=1248
918,RUNNING,process-name=F7HMAX8K,remaining-time=8,mem-usage=85%,allocated-at=842
921,RUNNING,process-name=HUCGXDOA,remaining-time=3,mem-usage=85%,allocated-at=688
924,FINISHED,process-name=HUCGXDOA,proc-remaining=10
924,RUNNING,process-name=9SS4H4LV,remaining-time=2,mem-usage=81%,allocated-at=266
927,FINISHED,process-name=9SS4H4LV,proc-remaining=11
927,RUNNING,process-name=WP7CSBOQ,remaining-time=4,mem-usage=68%,allocated-at=1764
930,RUNNING,process-name=088AMD84,remaining-time=6,mem-usage=68%,allocated-at=0
933,RUNNING,process-name=IGFMAUPB,remaining-time=15,mem-usage=92%,allocated-at=262
936,RUNNING,process-name=OZXV8Y0L,remaining-time=3,mem-usage=92%,allocated-at=86
939,FINISHED,process-name=OZXV8Y0L,proc-remaining=11
939,RUNNING,process-name=P8WWM64B,remaining-time=12,mem-usage=84%,allocated-at=1248
942,RUNNING,process-name=F7HMAX8K,remaining-time=5,mem-usage=84%,allocated-at=842
945,RUNNING,process-name=02HHT873,remaining-time=2,mem-usage=89%,allocated-at=86
948,FINISHED,process-name=02HHT873,proc-remaining=12
948,RUNNING,process-name=HG43JP4W,remaining-time=16,mem-usage=84%,allocated-at=86
951,RUNNING,process-name=WP7CSBOQ,remaining-time=1,mem-usage=84%,allocated-at=1764
954,FINISHED,process-name=WP7CSBOQ,proc-remaining=12
954,RUNNING,process-name=088AMD84,remaining-time=3,mem-usage=74%,allocated-at=0
957,FINISHED,process-name=088AMD84,proc-remaining=11
957,RUNNING,process-name=IGFMAUPB,remaining-time=12,mem-usage=70%,allocated-at=262
960,RUNNING,process-name=P8WWM64B,remaining-time=9,mem-usage=70%,allocated-at=1248
963,RUNNING,process-name=UFWX06BR,remaining-time=5,mem-usage=78%,allocated-at=1747
966,RUNNING,process-name=F7HMAX8K,remaining-time=2,mem-usage=78%,allocated-at=842
969,FINISHED,process-name=F7HMAX8K,proc-remaining=14
969,RUNNING,process-name=GYXOXTZY,remaining-time=18,mem-usage=80%,allocated-at=758
972,RUNNING,process-name=HG43JP4W,remaining-time=13,mem-usage=80%,allocated-at=86
975,RUNNING,process-name=IGFMAUPB,remaining-time=9,mem-usage=80%,allocated-at=262
978,RUNNING,process-name=P8WWM64B,remaining-time=6,mem-usage=80%,allocated-at=1248
981,RUNNING,process-name=5LM9EDTH,remaining-time=14,mem-usage=84%,allocated-at=0
984,RUNNING,process-name=UFWX06BR,remaining-time=2,mem-usage=84%,allocated-at=1747
987,FINISHED,process-name=UFWX06BR,proc-remaining=13
987,RUNNING,process-name=GUP8VM9R,remaining-time=12,mem-usage=85%,allocated-at=1747
990,RUNNING,process-name=GYXOXTZY,remaining-time=15,mem-usage=85%,allocated-at=758
993,RUNNING,process-name=HG43JP4W,remaining-time=10,mem-usage=85%,allocated-at=86
996,RUNNING,process-name=IGFMAUPB,remaining-time=6,mem-usage=85%,allocated-at=262
999,RUNNING,process-name=P8WWM64B,remaining-time=3,mem-usage=85%,allocated-at=1248
1002,FINISHED,process-name=P8WWM64B,proc-remaining=12
1002,RUNNING,process-name=5LM9EDTH,remaining-time=11,mem-usage=61%,allocated-at=0
1005,RUNNING,process-name=KNOID3QA,remaining-time=7,mem-usage=83%,allocated-at=1207
1008,RUNNING,process-name=GUP8VM9R,remaining-time=9,mem-usage=83%,allocated-at=1747
1011,RUNNING,process-name=GYXOXTZY,remaining-time=12,mem-usage=83%,allocated-at=758
1014,RUNNING,process-name=HG43JP4W,remaining-time=7,mem-usage=83%,allocated-at=86
1017,RUNNING,process-name=IGFMAUPB,remaining-time=3,mem-usage=83%,allocated-at=262
1020,FINISHED,process-name=IGFMAUPB,proc-remaining=11
1020,RUNNING,process-name=29J8FH5U,remaining-time=6,mem-usage=68%,allocated-at=99
1023,RUNNING,process-name=5LM9EDTH,remaining-time=8,mem-usage=68%,allocated-at=0
1026,RUNNING,process-name=KNOID3QA,remaining-time=4,mem-usage=68%,allocated-at=1207
1029,RUNNING,process-name=GUP8VM9R,remaining-time=6,mem-usage=68%,allocated-at=1747
1032,RUNNING,process-name=0F1SCTTZ,remaining-time=14,mem-usage=90%,allocated-at=278
1035,RUNNING,process-name=GYXOXTZY,remaining-time=9,mem-usage=90%,allocated-at=758
1038,RUNNING,process-name=HG43JP4W,remaining-time=4,mem-usage=90%,allocated-at=86
1041,RUNNING,process-name=29J8FH5U,remaining-time=3,mem-usage=90%,allocated-at=99
1044,FINISHED,process-name=29J8FH5U,proc-remaining=10
1044,RUNNING,process-name=5LM9EDTH,remaining-time=5,mem-usage=81%,allocated-at=0
1047,RUNNING,process-name=KNOID3QA,remaining-time=1,mem-usage=81%,allocated-at=1207
1050,FINISHED,process-name=KNOID3QA,proc-remaining=9
1050,RUNNING,process-name=GUP8VM9R,remaining-time=3,mem-usage=59%,allocated-at=1747
1053,FINISHED,process-name=GUP8VM9R,proc-remaining=8
1053,RUNNING,process-name=0F1SCTTZ,remaining-time=11,mem-usage=49%,allocated-at=278
1056,RUNNING,process-name=RHF5S3QH,remaining-time=14,mem-usage=63%,allocated-at=1207
1059,RUNNING,process-name=GYXOXTZY,remaining-time=6,mem-usage=63%,allocated-at=758
1062,RUNNING,process-name=96ANAIPB,remaining-time=10,mem-usage=85%,allocated-at=1502
1065,RUNNING,process-name=HG43JP4W,remaining-time=1,mem-usage=85%,allocated-at=86
1068,FINISHED,process-name=HG43JP4W,proc-remaining=7
1068,RUNNING,process-name=5LM9EDTH,remaining-time=2,mem-usage=84%,allocated-at=0
1071,FINISHED,process-name=5LM9EDTH,proc-remaining=6
1071,RUNNING,process-name=0F1SCTTZ,remaining-time=8,mem-usage=81%,allocated-at=278
1074,RUNNING,process-name=RHF5S3QH,remaining-time=11,mem-usage=81%,allocated-at=1207
1077,RUNNING,process-name=GYXOXTZY,remaining-time=3,mem-usage=81%,allocated-at=758
1080,FINISHED,process-name=GYXOXTZY,proc-remaining=5
1080,RUNNING,process-name=96ANAIPB,remaining-time=7,mem-usage=59%,allocated-at=1502
1083,RUNNING,process-name=AB4SXWQG,remaining-time=15,mem-usage=80%,allocated-at=735
1086,RUNNING,process-name=0F1SCTTZ,remaining-time=5,mem-usage=80%,allocated-at=278
1089,RUNNING,process-name=RHF5S3QH,remaining-time=8,mem-usage=80%,allocated-at=1207
1092,RUNNING,process-name=96ANAIPB,remaining-time=4,mem-usage=80%,allocated-at=1502
1095,RUNNING,process-name=AB4SXWQG,remaining-time=12,mem-usage=80%,allocated-at=735
1098,RUNNING,process-name=0F1SCTTZ,remaining-time=2,mem-usage=80%,allocated-at=278
1101,FINISHED,process-name=0F1SCTTZ,proc-remaining=4
1101,RUNNING,process-name=RHF5S3QH,remaining-time=5,mem-usage=57%,allocated-at=1207
1104,RUNNING,process-name=96ANAIPB,remaining-time=1,mem-usage=57%,allocated-at=1502
1107,FINISHED,process-name=96ANAIPB,proc-remaining=3
1107,RUNNING,process-name=AB4SXWQG,remaining-time=9,mem-usage=36%,allocated-at=735
1110,RUNNING,process-name=4G6OUIIV,remaining-time=17,mem-usage=54%,allocated-at=0
1113,RUNNING,process-name=RHF5S3QH,remaining-time=2,mem-usage=54%,allocated-at=1207
1116,FINISHED,process-name=RHF5S3QH,proc-remaining=2
1116,RUNNING,process-name=AB4SXWQG,remaining-time=6,mem-usage=40%,allocated-at=735
1119,RUNNING,process-name=4G6OUIIV,remaining-time=14,mem-usage=40%,allocated-at=0
1122,RUNNING,process-name=AB4SXWQG,remaining-time=3,mem-usage=40%,allocated-at=735
1125,FINISHED,process-name=AB4SXWQG,proc-remaining=1
1125,RUNNING,process-name=4G6OUIIV,remaining-time=11,mem-usage=19%,allocated-at=0
1137,FINISHED,process-name=4G6OUIIV,proc-remaining=0
Turnaround time 111
Time overhead 108.00 13.62
Makespan 1137
