0,RUNNING,process-name=LEFT,remaining-time=20,mem-usage=50%,allocated-at=0
3,RUNNING,process-name=RIGHT,remaining-time=10,mem-usage=100%,allocated-at=1024
6,RUNNING,process-name=LEFT,remaining-time=17,mem-usage=100%,allocated-at=0
9,RUNNING,process-name=RIGHT,remaining-time=7,mem-usage=100%,allocated-at=1024
12,RUNNING,process-name=LEFT,remaining-time=14,mem-usage=100%,allocated-at=0
15,RUNNING,process-name=RIGHT,remaining-time=4,mem-usage=100%,allocated-at=1024
18,RUNNING,process-name=LEFT,remaining-time=11,mem-usage=100%,allocated-at=0
21,RUNNING,process-name=RIGHT,remaining-time=1,mem-usage=100%,allocated-at=1024
24,FINISHED,process-name=RIGHT,proc-remaining=3
24,RUNNING,process-name=RIGHT2,remaining-time=10,mem-usage=75%,allocated-at=1024
27,RUNNING,process-name=RIGHT3,remaining-time=10,mem-usage=100%,allocated-at=1536
30,RUNNING,process-name=LEFT,remaining-time=8,mem-usage=100%,allocated-at=0
33,RUNNING,process-name=RIGHT2,remaining-time=7,mem-usage=100%,allocated-at=1024
36,RUNNING,process-name=RIGHT3,remaining-time=7,mem-usage=100%,allocated-at=1536
39,RUNNING,process-name=LEFT,remaining-time=5,mem-usage=100%,allocated-at=0
42,RUNNING,process-name=RIGHT2,remaining-time=4,mem-usage=100%,allocated-at=1024
45,RUNNING,process-name=RIGHT3,remaining-time=4,mem-usage=100%,allocated-at=1536
48,RUNNING,process-name=LEFT,remaining-time=2,mem-usage=100%,allocated-at=0
51,FINISHED,process-name=LEFT,proc-remaining=2
51,RUNNING,process-name=RIGHT2,remaining-time=1,mem-usage=50%,allocated-at=1024
54,FINISHED,process-name=RIGHT2,proc-remaining=1
54,RUNNING,process-name=RIGHT3,remaining-time=1,mem-usage=25%,allocated-at=1536
57,FINISHED,process-name=RIGHT3,proc-remaining=0
Turnaround time 36
Time overhead 3.60 2.96
Makespan 57
