0,RUNNING,process-name=FRNT1,remaining-time=10,mem-usage=34%,allocated-at=0
2,RUNNING,process-name=MIDD1,remaining-time=70,mem-usage=67%,allocated-at=679
4,RUNNING,process-name=BACK1,remaining-time=10,mem-usage=100%,allocated-at=1369
6,RUNNING,process-name=FRNT1,remaining-time=8,mem-usage=100%,allocated-at=0
8,RUNNING,process-name=MIDD1,remaining-time=68,mem-usage=100%,allocated-at=679
10,RUNNING,process-name=BACK1,remaining-time=8,mem-usage=100%,allocated-at=1369
12,RUNNING,process-name=FRNT1,remaining-time=6,mem-usage=100%,allocated-at=0
14,RUNNING,process-name=MIDD1,remaining-time=66,mem-usage=100%,allocated-at=679
16,RUNNING,process-name=BACK1,remaining-time=6,mem-usage=100%,allocated-at=1369
18,RUNNING,process-name=FRNT1,remaining-time=4,mem-usage=100%,allocated-at=0
20,RUNNING,process-name=MIDD1,remaining-time=64,mem-usage=100%,allocated-at=679
22,RUNNING,process-name=BACK1,remaining-time=4,mem-usage=100%,allocated-at=1369
24,RUNNING,process-name=FRNT1,remaining-time=2,mem-usage=100%,allocated-at=0
26,FINISHED,process-name=FRNT1,proc-remaining=2
26,RUNNING,process-name=MIDD1,remaining-time=62,mem-usage=67%,allocated-at=679
28,RUNNING,process-name=BACK1,remaining-time=2,mem-usage=67%,allocated-at=1369
30,FINISHED,process-name=BACK1,proc-remaining=1
30,RUNNING,process-name=MIDD1,remaining-time=60,mem-usage=34%,allocated-at=679
46,RUNNING,process-name=BACK2,remaining-time=13,mem-usage=67%,allocated-at=0
48,RUNNING,process-name=FRNT2,remaining-time=13,mem-usage=100%,allocated-at=1369
50,RUNNING,process-name=MIDD1,remaining-time=44,mem-usage=100%,allocated-at=679
52,RUNNING,process-name=BACK2,remaining-time=11,mem-usage=100%,allocated-at=0
54,RUNNING,process-name=FRNT2,remaining-time=11,mem-usage=100%,allocated-at=1369
56,RUNNING,process-name=MIDD1,remaining-time=42,mem-usage=100%,allocated-at=679
58,RUNNING,process-name=BACK2,remaining-time=9,mem-usage=100%,allocated-at=0
60,RUNNING,process-name=FRNT2,remaining-time=9,mem-usage=100%,allocated-at=1369
62,RUNNING,process-name=MIDD1,remaining-time=40,mem-usage=100%,allocated-at=679
64,RUNNING,process-name=BACK2,remaining-time=7,mem-usage=100%,allocated-at=0
66,RUNNING,process-name=FRNT2,remaining-time=7,mem-usage=100%,allocated-at=1369
68,RUNNING,process-name=MIDD1,remaining-time=38,mem-usage=100%,allocated-at=679
70,RUNNING,process-name=BACK2,remaining-time=5,mem-usage=100%,allocated-at=0
72,RUNNING,process-name=FRNT2,remaining-time=5,mem-usage=100%,allocated-at=1369
74,RUNNING,process-name=MIDD1,remaining-time=36,mem-usage=100%,allocated-at=679
76,RUNNING,process-name=BACK2,remaining-time=3,mem-usage=100%,allocated-at=0
78,RUNNING,process-name=FRNT2,remaining-time=3,mem-usage=100%,allocated-at=1369
80,RUNNING,process-name=MIDD1,remaining-time=34,mem-usage=100%,allocated-at=679
82,RUNNING,process-name=BACK2,remaining-time=1,mem-usage=100%,allocated-at=0
84,FINISHED,process-name=BACK2,proc-remaining=2
84,RUNNING,process-name=FRNT2,remaining-time=1,mem-usage=67%,allocated-at=1369
86,FINISHED,process-name=FRNT2,proc-remaining=1
86,RUNNING,process-name=MIDD1,remaining-time=32,mem-usage=34%,allocated-at=679
118,FINISHED,process-name=MIDD1,proc-remaining=0
Turnaround time 51
Time overhead 3.15 2.69
Makespan 118
