0,RUNNING,process-name=FRNT1,remaining-time=30,mem-usage=34%,allocated-at=0
1,RUNNING,process-name=MIDD1,remaining-time=20,mem-usage=67%,allocated-at=680
2,RUNNING,process-name=BACK1,remaining-time=10,mem-usage=100%,allocated-at=1368
3,RUNNING,process-name=FRNT1,remaining-time=29,mem-usage=100%,allocated-at=0
4,RUNNING,process-name=MIDD1,remaining-time=19,mem-usage=100%,allocated-at=680
5,RUNNING,process-name=BACK1,remaining-time=9,mem-usage=100%,allocated-at=1368
6,RUNNING,process-name=FRNT1,remaining-time=28,mem-usage=100%,allocated-at=0
7,RUNNING,process-name=MIDD1,remaining-time=18,mem-usage=100%,allocated-at=680
8,RUNNING,process-name=BACK1,remaining-time=8,mem-usage=100%,allocated-at=1368
9,RUNNING,process-name=FRNT1,remaining-time=27,mem-usage=100%,allocated-at=0
10,RUNNING,process-name=MIDD1,remaining-time=17,mem-usage=100%,allocated-at=680
11,RUNNING,process-name=BACK1,remaining-time=7,mem-usage=100%,allocated-at=1368
12,RUNNING,process-name=FRNT1,remaining-time=26,mem-usage=100%,allocated-at=0
13,RUNNING,process-name=MIDD1,remaining-time=16,mem-usage=100%,allocated-at=680
14,RUNNING,process-name=BACK1,remaining-time=6,mem-usage=100%,allocated-at=1368
15,RUNNING,process-name=FRNT1,remaining-time=25,mem-usage=100%,allocated-at=0
16,RUNNING,process-name=MIDD1,remaining-time=15,mem-usage=100%,allocated-at=680
17,RUNNING,process-name=BACK1,remaining-time=5,mem-usage=100%,allocated-at=1368
18,RUNNING,process-name=FRNT1,remaining-time=24,mem-usage=100%,allocated-at=0
19,RUNNING,process-name=MIDD1,remaining-time=14,mem-usage=100%,allocated-at=680
20,RUNNING,process-name=BACK1,remaining-time=4,mem-usage=100%,allocated-at=1368
21,RUNNING,process-name=FRNT1,remaining-time=23,mem-usage=100%,allocated-at=0
22,RUNNING,process-name=MIDD1,remaining-time=13,mem-usage=100%,allocated-at=680
23,RUNNING,process-name=BACK1,remaining-time=3,mem-usage=100%,allocated-at=1368
24,RUNNING,process-name=FRNT1,remaining-time=22,mem-usage=100%,allocated-at=0
25,RUNNING,process-name=MIDD1,remaining-time=12,mem-usage=100%,allocated-at=680
26,RUNNING,process-name=BACK1,remaining-time=2,mem-usage=100%,allocated-at=1368
27,RUNNING,process-name=FRNT1,remaining-time=21,mem-usage=100%,allocated-at=0
28,RUNNING,process-name=MIDD1,remaining-time=11,mem-usage=100%,allocated-at=680
29,RUNNING,process-name=BACK1,remaining-time=1,mem-usage=100%,allocated-at=1368
30,FINISHED,process-name=BACK1,proc-remaining=3
30,RUNNING,process-name=FRNT1,remaining-time=20,mem-usage=67%,allocated-at=0
31,RUNNING,process-name=MIDD1,remaining-time=10,mem-usage=67%,allocated-at=680
32,RUNNING,process-name=BACK2,remaining-time=30,mem-usage=100%,allocated-at=1368
33,RUNNING,process-name=FRNT1,remaining-time=19,mem-usage=100%,allocated-at=0
34,RUNNING,process-name=MIDD1,remaining-time=9,mem-usage=100%,allocated-at=680
35,RUNNING,process-name=BACK2,remaining-time=29,mem-usage=100%,allocated-at=1368
36,RUNNING,process-name=FRNT1,remaining-time=18,mem-usage=100%,allocated-at=0
37,RUNNING,process-name=MIDD1,remaining-time=8,mem-usage=100%,allocated-at=680
38,RUNNING,process-name=BACK2,remaining-time=28,mem-usage=100%,allocated-at=1368
39,RUNNING,process-name=FRNT1,remaining-time=17,mem-usage=100%,allocated-at=0
40,RUNNING,process-name=MIDD1,remaining-time=7,mem-usage=100%,allocated-at=680
41,RUNNING,process-name=BACK2,remaining-time=27,mem-usage=100%,allocated-at=1368
42,RUNNING,process-name=FRNT1,remaining-time=16,mem-usage=100%,allocated-at=0
43,RUNNING,process-name=MIDD1,remaining-time=6,mem-usage=100%,allocated-at=680
44,RUNNING,process-name=BACK2,remaining-time=26,mem-usage=100%,allocated-at=1368
45,RUNNING,process-name=FRNT1,remaining-time=15,mem-usage=100%,allocated-at=0
46,RUNNING,process-name=MIDD1,remaining-time=5,mem-usage=100%,allocated-at=680
47,RUNNING,process-name=BACK2,remaining-time=25,mem-usage=100%,allocated-at=1368
48,RUNNING,process-name=FRNT1,remaining-time=14,mem-usage=100%,allocated-at=0
49,RUNNING,process-name=MIDD1,remaining-time=4,mem-usage=100%,allocated-at=680
50,RUNNING,process-name=BACK2,remaining-time=24,mem-usage=100%,allocated-at=1368
51,RUNNING,process-name=FRNT1,remaining-time=13,mem-usage=100%,allocated-at=0
52,RUNNING,process-name=MIDD1,remaining-time=3,mem-usage=100%,allocated-at=680
53,RUNNING,process-name=BACK2,remaining-time=23,mem-usage=100%,allocated-at=1368
54,RUNNING,process-name=FRNT1,remaining-time=12,mem-usage=100%,allocated-at=0
55,RUNNING,process-name=MIDD1,remaining-time=2,mem-usage=100%,allocated-at=680
56,RUNNING,process-name=BACK2,remaining-time=22,mem-usage=100%,allocated-at=1368
57,RUNNING,process-name=FRNT1,remaining-time=11,mem-usage=100%,allocated-at=0
58,RUNNING,process-name=MIDD1,remaining-time=1,mem-usage=100%,allocated-at=680
59,FINISHED,process-name=MIDD1,proc-remaining=5
59,RUNNING,process-name=BACK2,remaining-time=21,mem-usage=67%,allocated-at=1368
60,RUNNING,process-name=MIDD2,remaining-time=20,mem-usage=84%,allocated-at=680
61,RUNNING,process-name=MIDD3,remaining-time=20,mem-usage=100%,allocated-at=1024
62,RUNNING,process-name=FRNT1,remaining-time=10,mem-usage=100%,allocated-at=0
63,RUNNING,process-name=BACK2,remaining-time=20,mem-usage=100%,allocated-at=1368
64,RUNNING,process-name=MIDD2,remaining-time=19,mem-usage=100%,allocated-at=680
65,RUNNING,process-name=MIDD3,remaining-time=19,mem-usage=100%,allocated-at=1024
66,RUNNING,process-name=FRNT1,remaining-time=9,mem-usage=100%,allocated-at=0
67,RUNNING,process-name=BACK2,remaining-time=19,mem-usage=100%,allocated-at=1368
68,RUNNING,process-name=MIDD2,remaining-time=18,mem-usage=100%,allocated-at=680
69,RUNNING,process-name=MIDD3,remaining-time=18,mem-usage=100%,allocated-at=1024
70,RUNNING,process-name=FRNT1,remaining-time=8,mem-usage=100%,allocated-at=0
71,RUNNING,process-name=BACK2,remaining-time=18,mem-usage=100%,allocated-at=1368
72,RUNNING,process-name=MIDD2,remaining-time=17,mem-usage=100%,allocated-at=680
73,RUNNING,process-name=MIDD3,remaining-time=17,mem-usage=100%,allocated-at=1024
74,RUNNING,process-name=FRNT1,remaining-time=7,mem-usage=100%,allocated-at=0
75,RUNNING,process-name=BACK2,remaining-time=17,mem-usage=100%,allocated-at=1368
76,RUNNING,process-name=MIDD2,remaining-time=16,mem-usage=100%,allocated-at=680
77,RUNNING,process-name=MIDD3,remaining-time=16,mem-usage=100%,allocated-at=1024
78,RUNNING,process-name=FRNT1,remaining-time=6,mem-usage=100%,allocated-at=0
79,RUNNING,process-name=BACK2,remaining-time=16,mem-usage=100%,allocated-at=1368
80,RUNNING,process-name=MIDD2,remaining-time=15,mem-usage=100%,allocated-at=680
81,RUNNING,process-name=MIDD3,remaining-time=15,mem-usage=100%,allocated-at=1024
82,RUNNING,process-name=FRNT1,remaining-time=5,mem-usage=100%,allocated-at=0
83,RUNNING,process-name=BACK2,remaining-time=15,mem-usage=100%,allocated-at=1368
84,RUNNING,process-name=MIDD2,remaining-time=14,mem-usage=100%,allocated-at=680
85,RUNNING,process-name=MIDD3,remaining-time=14,mem-usage=100%,allocated-at=1024
86,RUNNING,process-name=FRNT1,remaining-time=4,mem-usage=100%,allocated-at=0
87,RUNNING,process-name=BACK2,remaining-time=14,mem-usage=100%,allocated-at=1368
88,RUNNING,process-name=MIDD2,remaining-time=13,mem-usage=100%,allocated-at=680
89,RUNNING,process-name=MIDD3,remaining-time=13,mem-usage=100%,allocated-at=1024
90,RUNNING,process-name=FRNT1,remaining-time=3,mem-usage=100%,allocated-at=0
91,RUNNING,process-name=BACK2,remaining-time=13,mem-usage=100%,allocated-at=1368
92,RUNNING,process-name=MIDD2,remaining-time=12,mem-usage=100%,allocated-at=680
93,RUNNING,process-name=MIDD3,remaining-time=12,mem-usage=100%,allocated-at=1024
94,RUNNING,process-name=FRNT1,remaining-time=2,mem-usage=100%,allocated-at=0
95,RUNNING,process-name=BACK2,remaining-time=12,mem-usage=100%,allocated-at=1368
96,RUNNING,process-name=MIDD2,remaining-time=11,mem-usage=100%,allocated-at=680
97,RUNNING,process-name=MIDD3,remaining-time=11,mem-usage=100%,allocated-at=1024
98,RUNNING,process-name=FRNT1,remaining-time=1,mem-usage=100%,allocated-at=0
99,FINISHED,process-name=FRNT1,proc-remaining=4
99,RUNNING,process-name=FRNT2,remaining-time=10,mem-usage=100%,allocated-at=0
100,RUNNING,process-name=BACK2,remaining-time=11,mem-usage=100%,allocated-at=1368
101,RUNNING,process-name=MIDD2,remaining-time=10,mem-usage=100%,allocated-at=680
102,RUNNING,process-name=MIDD3,remaining-time=10,mem-usage=100%,allocated-at=1024
103,RUNNING,process-name=FRNT2,remaining-time=9,mem-usage=100%,allocated-at=0
104,RUNNING,process-name=BACK2,remaining-time=10,mem-usage=100%,allocated-at=1368
105,RUNNING,process-name=MIDD2,remaining-time=9,mem-usage=100%,allocated-at=680
106,RUNNING,process-name=MIDD3,remaining-time=9,mem-usage=100%,allocated-at=1024
107,RUNNING,process-name=FRNT2,remaining-time=8,mem-usage=100%,allocated-at=0
108,RUNNING,process-name=BACK2,remaining-time=9,mem-usage=100%,allocated-at=1368
109,RUNNING,process-name=MIDD2,remaining-time=8,mem-usage=100%,allocated-at=680
110,RUNNING,process-name=MIDD3,remaining-time=8,mem-usage=100%,allocated-at=1024
111,RUNNING,process-name=FRNT2,remaining-time=7,mem-usage=100%,allocated-at=0
112,RUNNING,process-name=BACK2,remaining-time=8,mem-usage=100%,allocated-at=1368
113,RUNNING,process-name=MIDD2,remaining-time=7,mem-usage=100%,allocated-at=680
114,RUNNING,process-name=MIDD3,remaining-time=7,mem-usage=100%,allocated-at=1024
115,RUNNING,process-name=FRNT2,remaining-time=6,mem-usage=100%,allocated-at=0
116,RUNNING,process-name=BACK2,remaining-time=7,mem-usage=100%,allocated-at=1368
117,RUNNING,process-name=MIDD2,remaining-time=6,mem-usage=100%,allocated-at=680
118,RUNNING,process-name=MIDD3,remaining-time=6,mem-usage=100%,allocated-at=1024
119,RUNNING,process-name=FRNT2,remaining-time=5,mem-usage=100%,allocated-at=0
120,RUNNING,process-name=BACK2,remaining-time=6,mem-usage=100%,allocated-at=1368
121,RUNNING,process-name=MIDD2,remaining-time=5,mem-usage=100%,allocated-at=680
122,RUNNING,process-name=MIDD3,remaining-time=5,mem-usage=100%,allocated-at=1024
123,RUNNING,process-name=FRNT2,remaining-time=4,mem-usage=100%,allocated-at=0
124,RUNNING,process-name=BACK2,remaining-time=5,mem-usage=100%,allocated-at=1368
125,RUNNING,process-name=MIDD2,remaining-time=4,mem-usage=100%,allocated-at=680
126,RUNNING,process-name=MIDD3,remaining-time=4,mem-usage=100%,allocated-at=1024
127,RUNNING,process-name=FRNT2,remaining-time=3,mem-usage=100%,allocated-at=0
128,RUNNING,process-name=BACK2,remaining-time=4,mem-usage=100%,allocated-at=1368
129,RUNNING,process-name=MIDD2,remaining-time=3,mem-usage=100%,allocated-at=680
130,RUNNING,process-name=MIDD3,remaining-time=3,mem-usage=100%,allocated-at=1024
131,RUNNING,process-name=FRNT2,remaining-time=2,mem-usage=100%,allocated-at=0
132,RUNNING,process-name=BACK2,remaining-time=3,mem-usage=100%,allocated-at=1368
133,RUNNING,process-name=MIDD2,remaining-time=2,mem-usage=100%,allocated-at=680
134,RUNNING,process-name=MIDD3,remaining-time=2,mem-usage=100%,allocated-at=1024
135,RUNNING,process-name=FRNT2,remaining-time=1,mem-usage=100%,allocated-at=0
136,FINISHED,process-name=FRNT2,proc-remaining=10
136,RUNNING,process-name=BACK2,remaining-time=2,mem-usage=67%,allocated-at=1368
137,RUNNING,process-name=MIDD2,remaining-time=1,mem-usage=67%,allocated-at=680
138,FINISHED,process-name=MIDD2,proc-remaining=9
138,RUNNING,process-name=MIDD3,remaining-time=1,mem-usage=50%,allocated-at=1024
139,FINISHED,process-name=MIDD3,proc-remaining=8
139,RUNNING,process-name=ALL2-1,remaining-time=10,mem-usage=84%,allocated-at=0
140,RUNNING,process-name=BACK2,remaining-time=1,mem-usage=84%,allocated-at=1368
141,FINISHED,process-name=BACK2,proc-remaining=7
141,RUNNING,process-name=ALL2-1,remaining-time=9,mem-usage=50%,allocated-at=0
142,RUNNING,process-name=ALL2-2,remaining-time=10,mem-usage=100%,allocated-at=1024
143,RUNNING,process-name=ALL2-1,remaining-time=8,mem-usage=100%,allocated-at=0
144,RUNNING,process-name=ALL2-2,remaining-time=9,mem-usage=100%,allocated-at=1024
145,RUNNING,process-name=ALL2-1,remaining-time=7,mem-usage=100%,allocated-at=0
146,RUNNING,process-name=ALL2-2,remaining-time=8,mem-usage=100%,allocated-at=1024
147,RUNNING,process-name=ALL2-1,remaining-time=6,mem-usage=100%,allocated-at=0
148,RUNNING,process-name=ALL2-2,remaining-time=7,mem-usage=100%,allocated-at=1024
149,RUNNING,process-name=ALL2-1,remaining-time=5,mem-usage=100%,allocated-at=0
150,RUNNING,process-name=ALL2-2,remaining-time=6,mem-usage=100%,allocated-at=1024
151,RUNNING,process-name=ALL2-1,remaining-time=4,mem-usage=100%,allocated-at=0
152,RUNNING,process-name=ALL2-2,remaining-time=5,mem-usage=100%,allocated-at=1024
153,RUNNING,process-name=ALL2-1,remaining-time=3,mem-usage=100%,allocated-at=0
154,RUNNING,process-name=ALL2-2,remaining-time=4,mem-usage=100%,allocated-at=1024
155,RUNNING,process-name=ALL2-1,remaining-time=2,mem-usage=100%,allocated-at=0
156,RUNNING,process-name=ALL2-2,remaining-time=3,mem-usage=100%,allocated-at=1024
157,RUNNING,process-name=ALL2-1,remaining-time=1,mem-usage=100%,allocated-at=0
158,FINISHED,process-name=ALL2-1,proc-remaining=6
158,RUNNING,process-name=ALL2-2,remaining-time=2,mem-usage=50%,allocated-at=1024
159,RUNNING,process-name=ALL3-1,remaining-time=10,mem-usage=76%,allocated-at=0
160,RUNNING,process-name=ALL3-2,remaining-time=10,mem-usage=100%,allocated-at=513
161,RUNNING,process-name=ALL2-2,remaining-time=1,mem-usage=100%,allocated-at=1024
162,FINISHED,process-name=ALL2-2,proc-remaining=5
162,RUNNING,process-name=ALL3-1,remaining-time=9,mem-usage=50%,allocated-at=0
163,RUNNING,process-name=ALL3-2,remaining-time=9,mem-usage=50%,allocated-at=513
164,RUNNING,process-name=ALL3-3,remaining-time=10,mem-usage=75%,allocated-at=1024
165,RUNNING,process-name=ALL3-4,remaining-time=10,mem-usage=100%,allocated-at=1535
166,RUNNING,process-name=ALL3-1,remaining-time=8,mem-usage=100%,allocated-at=0
167,RUNNING,process-name=ALL3-2,remaining-time=8,mem-usage=100%,allocated-at=513
168,RUNNING,process-name=ALL3-3,remaining-time=9,mem-usage=100%,allocated-at=1024
169,RUNNING,process-name=ALL3-4,remaining-time=9,mem-usage=100%,allocated-at=1535
170,RUNNING,process-name=ALL3-1,remaining-time=7,mem-usage=100%,allocated-at=0
171,RUNNING,process-name=ALL3-2,remaining-time=7,mem-usage=100%,allocated-at=513
172,RUNNING,process-name=ALL3-3,remaining-time=8,mem-usage=100%,allocated-at=1024
173,RUNNING,process-name=ALL3-4,remaining-time=8,mem-usage=100%,allocated-at=1535
174,RUNNING,process-name=ALL3-1,remaining-time=6,mem-usage=100%,allocated-at=0
175,RUNNING,process-name=ALL3-2,remaining-time=6,mem-usage=100%,allocated-at=513
176,RUNNING,process-name=ALL3-3,remaining-time=7,mem-usage=100%,allocated-at=1024
177,RUNNING,process-name=ALL3-4,remaining-time=7,mem-usage=100%,allocated-at=1535
178,RUNNING,process-name=ALL3-1,remaining-time=5,mem-usage=100%,allocated-at=0
179,RUNNING,process-name=ALL3-2,remaining-time=5,mem-usage=100%,allocated-at=513
180,RUNNING,process-name=ALL3-3,remaining-time=6,mem-usage=100%,allocated-at=1024
181,RUNNING,process-name=ALL3-4,remaining-time=6,mem-usage=100%,allocated-at=1535
182,RUNNING,process-name=ALL3-1,remaining-time=4,mem-usage=100%,allocated-at=0
183,RUNNING,process-name=ALL3-2,remaining-time=4,mem-usage=100%,allocated-at=513
184,RUNNING,process-name=ALL3-3,remaining-time=5,mem-usage=100%,allocated-at=1024
185,RUNNING,process-name=ALL3-4,remaining-time=5,mem-usage=100%,allocated-at=1535
186,RUNNING,process-name=ALL3-1,remaining-time=3,mem-usage=100%,allocated-at=0
187,RUNNING,process-name=ALL3-2,remaining-time=3,mem-usage=100%,allocated-at=513
188,RUNNING,process-name=ALL3-3,remaining-time=4,mem-usage=100%,allocated-at=1024
189,RUNNING,process-name=ALL3-4,remaining-time=4,mem-usage=100%,allocated-at=1535
190,RUNNING,process-name=ALL3-1,remaining-time=2,mem-usage=100%,allocated-at=0
191,RUNNING,process-name=ALL3-2,remaining-time=2,mem-usage=100%,allocated-at=513
192,RUNNING,process-name=ALL3-3,remaining-time=3,mem-usage=100%,allocated-at=1024
193,RUNNING,process-name=ALL3-4,remaining-time=3,mem-usage=100%,allocated-at=1535
194,RUNNING,process-name=ALL3-1,remaining-time=1,mem-usage=100%,allocated-at=0
195,FINISHED,process-name=ALL3-1,proc-remaining=4
195,RUNNING,process-name=ALL3-2,remaining-time=1,mem-usage=75%,allocated-at=513
196,FINISHED,process-name=ALL3-2,proc-remaining=3
196,RUNNING,process-name=ALL3-3,remaining-time=2,mem-usage=50%,allocated-at=1024
197,RUNNING,process-name=ALL3-4,remaining-time=2,mem-usage=50%,allocated-at=1535
198,RUNNING,process-name=ALL3-3,remaining-time=1,mem-usage=50%,allocated-at=1024
199,FINISHED,process-name=ALL3-3,proc-remaining=2
199,RUNNING,process-name=ALL3-4,remaining-time=1,mem-usage=26%,allocated-at=1535
200,FINISHED,process-name=ALL3-4,proc-remaining=1
200,RUNNING,process-name=ALL1-1,remaining-time=10,mem-usage=100%,allocated-at=0
210,FINISHED,process-name=ALL1-1,proc-remaining=0
Turnaround time 76
Time overhead 9.00 5.67
Makespan 210
